# 08292021
install python3.8
install git
install aws cli
install terraform

created new git ssh key
cloned repo

validated build artifact + deploy to s3 via CLI

# 08302021

created lambda role
deployed lambda role via TF
created + deployed lambda via TF
created + deployed create_game API Gateway2 endpoint via TF

next: test create_game

# 09022021

fixed lambda iam roles
created cli user to validate changes
created dynamo table via terraform
fixed create game - working via lambda, still something fishy with api gateway

next: api_gateway + TTL

